Building DAG of jobs...
Using shell: /usr/bin/bash
Provided cores: 8
Rules claiming more threads will be scaled down.
Job counts:
	count	jobs
	1	all
	1	assemb_stat
	1	depth_calc
	1	minimap
	1	sam2bam
	1	sam_flagstat
	1	sort_bam
	7
Select jobs to execute...

[Fri Jan  8 10:47:10 2021]
rule minimap:
    input: /home/ubuntu/data/belson/test_data/2021.01.04/FAO60983_pass_barcode02_b01ddb04.fastq, /home/ubuntu/data/belson/reference/2021.04.01/17762-33892_1_71_contigs.fa
    output: /home/ubuntu/data/belson/isangi_nanopore/qc/2021.01.08/results/FAO60983_pass_barcode02_b01ddb04.sam
    jobid: 5
    wildcards: sample=FAO60983_pass_barcode02_b01ddb04


[Fri Jan  8 10:47:10 2021]
rule assemb_stat:
    input: /home/ubuntu/data/belson/test_data/2021.01.04/FAO60983_pass_barcode02_b01ddb04.fastq
    output: /home/ubuntu/data/belson/isangi_nanopore/qc/2021.01.08/results/FAO60983_pass_barcode02_b01ddb04_reads_stat.txt
    jobid: 1
    wildcards: sample=FAO60983_pass_barcode02_b01ddb04

[Fri Jan  8 10:47:13 2021]
Finished job 1.
1 of 7 steps (14%) done
[Fri Jan  8 10:47:47 2021]
Finished job 5.
2 of 7 steps (29%) done
Select jobs to execute...

[Fri Jan  8 10:47:47 2021]
rule sam2bam:
    input: /home/ubuntu/data/belson/isangi_nanopore/qc/2021.01.08/results/FAO60983_pass_barcode02_b01ddb04.sam
    output: /home/ubuntu/data/belson/isangi_nanopore/qc/2021.01.08/results/FAO60983_pass_barcode02_b01ddb04.bam
    jobid: 4
    wildcards: sample=FAO60983_pass_barcode02_b01ddb04

Removing temporary output file /home/ubuntu/data/belson/isangi_nanopore/qc/2021.01.08/results/FAO60983_pass_barcode02_b01ddb04.sam.
[Fri Jan  8 10:47:59 2021]
Finished job 4.
3 of 7 steps (43%) done
Select jobs to execute...

[Fri Jan  8 10:47:59 2021]
rule sort_bam:
    input: /home/ubuntu/data/belson/isangi_nanopore/qc/2021.01.08/results/FAO60983_pass_barcode02_b01ddb04.bam
    output: /home/ubuntu/data/belson/isangi_nanopore/qc/2021.01.08/results/FAO60983_pass_barcode02_b01ddb04.sorted.bam
    jobid: 3
    wildcards: sample=FAO60983_pass_barcode02_b01ddb04

Removing temporary output file /home/ubuntu/data/belson/isangi_nanopore/qc/2021.01.08/results/FAO60983_pass_barcode02_b01ddb04.bam.
[Fri Jan  8 10:48:12 2021]
Finished job 3.
4 of 7 steps (57%) done
Select jobs to execute...

[Fri Jan  8 10:48:12 2021]
rule sam_flagstat:
    input: /home/ubuntu/data/belson/isangi_nanopore/qc/2021.01.08/results/FAO60983_pass_barcode02_b01ddb04.sorted.bam
    output: /home/ubuntu/data/belson/isangi_nanopore/qc/2021.01.08/results/FAO60983_pass_barcode02_b01ddb04_reads_mapped.txt
    jobid: 6
    wildcards: sample=FAO60983_pass_barcode02_b01ddb04


[Fri Jan  8 10:48:12 2021]
rule depth_calc:
    input: /home/ubuntu/data/belson/isangi_nanopore/qc/2021.01.08/results/FAO60983_pass_barcode02_b01ddb04.sorted.bam
    output: /home/ubuntu/data/belson/isangi_nanopore/qc/2021.01.08/results/FAO60983_pass_barcode02_b01ddb04_coverage.txt
    jobid: 2
    wildcards: sample=FAO60983_pass_barcode02_b01ddb04

[Fri Jan  8 10:48:15 2021]
Finished job 6.
5 of 7 steps (71%) done
[Fri Jan  8 10:48:22 2021]
Finished job 2.
6 of 7 steps (86%) done
Select jobs to execute...

[Fri Jan  8 10:48:22 2021]
localrule all:
    input: /home/ubuntu/data/belson/isangi_nanopore/qc/2021.01.08/results/FAO60983_pass_barcode02_b01ddb04_reads_stat.txt, /home/ubuntu/data/belson/isangi_nanopore/qc/2021.01.08/results/FAO60983_pass_barcode02_b01ddb04_coverage.txt, /home/ubuntu/data/belson/isangi_nanopore/qc/2021.01.08/results/FAO60983_pass_barcode02_b01ddb04_reads_mapped.txt
    jobid: 0

[Fri Jan  8 10:48:22 2021]
Finished job 0.
7 of 7 steps (100%) done
Complete log: /home/ubuntu/data/belson/isangi_nanopore/qc/2021.01.08/scripts/.snakemake/log/2021-01-08T104710.083077.snakemake.log
