Building DAG of jobs...
Using shell: /usr/bin/bash
Provided cores: 8
Rules claiming more threads will be scaled down.
Job counts:
	count	jobs
	1	all
	1	denovo
	2
Select jobs to execute...

[Mon Jan 11 14:35:11 2021]
rule denovo:
    input: /home/ubuntu/data/belson/test_data/2021.01.04/FAO60983_pass_barcode02_b01ddb04.fastq
    output: /home/ubuntu/data/belson/isangi_nanopore/qc/2021.01.08/results/FAO60983_pass_barcode02_b01ddb04_flye
    jobid: 7
    wildcards: sample=FAO60983_pass_barcode02_b01ddb04

ImproperOutputException in line 58 of /home/ubuntu/data/belson/isangi_nanopore/qc/scripts/nanopore_qc.smk:
Outputs of incorrect type (directories when expecting files or vice versa). Output directories must be flagged with directory(). for rule denovo:
/home/ubuntu/data/belson/isangi_nanopore/qc/2021.01.08/results/FAO60983_pass_barcode02_b01ddb04_flye
  File "/home/belson/anaconda3/envs/snakemake/lib/python3.9/site-packages/snakemake/executors/__init__.py", line 581, in handle_job_success
  File "/home/belson/anaconda3/envs/snakemake/lib/python3.9/site-packages/snakemake/executors/__init__.py", line 252, in handle_job_success
Removing output files of failed job denovo since they might be corrupted:
/home/ubuntu/data/belson/isangi_nanopore/qc/2021.01.08/results/FAO60983_pass_barcode02_b01ddb04_flye
Skipped removing non-empty directory /home/ubuntu/data/belson/isangi_nanopore/qc/2021.01.08/results/FAO60983_pass_barcode02_b01ddb04_flye
Shutting down, this might take some time.
Exiting because a job execution failed. Look above for error message
Complete log: /home/ubuntu/data/belson/isangi_nanopore/qc/scripts/.snakemake/log/2021-01-11T143510.730369.snakemake.log
